\BOOKMARK [2][-]{subsection.0.1}{\376\377\000R\000\040\000M\000a\000r\000k\000d\000o\000w\000n}{}% 1
\BOOKMARK [1][-]{section.1}{\376\377\000M\000a\000t\000r\000i\000x}{}% 2
\BOOKMARK [1][-]{section.2}{\376\377\000I\000R\000I\000S}{}% 3
\BOOKMARK [1][-]{section.3}{\376\377\000P\000e\000r\000s\000o\000n\000a\000l\000i\000t\000y}{}% 4
\BOOKMARK [2][-]{subsection.3.1}{\376\377\000C\000l\000e\000a\000n\000u\000p\000\040\000R\000A\000W}{section.3}% 5
\BOOKMARK [1][-]{section.4}{\376\377\000V\000a\000r\000i\000a\000n\000c\000e\000\040\000a\000n\000d\000\040\000Z\000-\000s\000c\000o\000r\000e\000s}{}% 6
\BOOKMARK [2][-]{subsection.4.1}{\376\377\000V\000a\000r\000i\000a\000n\000c\000e}{section.4}% 7
\BOOKMARK [3][-]{subsubsection.4.1.1}{\376\377\000N\000a\000i\000v\000e}{subsection.4.1}% 8
\BOOKMARK [3][-]{subsubsection.4.1.2}{\376\377\000T\000r\000a\000d\000i\000t\000i\000o\000n\000a\000l\000\040\000T\000w\000o\000\040\000P\000a\000s\000s}{subsection.4.1}% 9
\BOOKMARK [2][-]{subsection.4.2}{\376\377\000Z\000-\000S\000c\000o\000r\000e\000s}{section.4}% 10
\BOOKMARK [1][-]{section.5}{\376\377\000W\000i\000l\000l\000\040\000v\000s\000\040\000D\000e\000n\000z\000e\000l}{}% 11
\BOOKMARK [2][-]{subsection.5.1}{\376\377\000W\000i\000l\000l\000\040\000S\000m\000i\000t\000h}{section.5}% 12
\BOOKMARK [2][-]{subsection.5.2}{\376\377\000D\000e\000n\000z\000e\000l\000\040\000W\000a\000s\000h\000i\000n\000g\000t\000o\000n}{section.5}% 13
\BOOKMARK [2][-]{subsection.5.3}{\376\377\000B\000o\000x\000P\000l\000o\000t\000\040\000o\000f\000\040\000T\000o\000p\000-\0005\0000\000\040\000m\000o\000v\000i\000e\000s\000\040\000u\000s\000i\000n\000g\000\040\000R\000a\000w\000\040\000D\000o\000l\000l\000a\000r\000s}{section.5}% 14
\BOOKMARK [2][-]{subsection.5.4}{\376\377\000S\000i\000d\000e\000-\000b\000y\000-\000S\000i\000d\000e\000\040\000C\000o\000m\000p\000a\000r\000i\000s\000o\000n\000s}{section.5}% 15
\BOOKMARK [3][-]{subsubsection.5.4.1}{\376\377\000A\000d\000j\000u\000s\000t\000e\000d\000\040\000D\000o\000l\000l\000a\000r\000s\000\040\000\050\0002\0000\0000\0000\000\051}{subsection.5.4}% 16
\BOOKMARK [3][-]{subsubsection.5.4.2}{\376\377\000T\000o\000t\000a\000l\000\040\000V\000o\000t\000e\000s\000\040\000\050\000D\000i\000v\000i\000d\000e\000\040\000b\000y\000\040\0001\000,\0000\0000\0000\000,\0000\0000\0000\000\051}{subsection.5.4}% 17
\BOOKMARK [3][-]{subsubsection.5.4.3}{\376\377\000A\000v\000e\000r\000a\000g\000e\000\040\000R\000a\000t\000i\000n\000g\000s}{subsection.5.4}% 18
\BOOKMARK [3][-]{subsubsection.5.4.4}{\376\377\000Y\000e\000a\000r\000?\000\040\000M\000i\000n\000u\000t\000e\000s\000?}{subsection.5.4}% 19
\BOOKMARK [3][-]{subsubsection.5.4.5}{\376\377\000M\000e\000t\000a\000c\000r\000i\000t\000i\000c\000\040\000\050\000N\000A\000\040\000v\000a\000l\000u\000e\000s\000\051}{subsection.5.4}% 20
